<?xml version="1.0" encoding="UTF-8"?>
<testsuite name="com.example.project.SortTest" tests="5" skipped="0" failures="0" errors="0" timestamp="2025-02-26T17:07:21" hostname="codespaces-712bc0" time="0.122">
  <properties/>
  <testcase name="testSelectionSort_16Elements_NegativeAndPositiveNumbers()" classname="com.example.project.SortTest" time="0.034"/>
  <testcase name="testSelectionSort_10Elements_WithDuplicates()" classname="com.example.project.SortTest" time="0.009"/>
  <testcase name="testSelectionSort_Words()" classname="com.example.project.SortTest" time="0.016"/>
  <testcase name="testSelectionSort_1000Elements_RandomNumbers()" classname="com.example.project.SortTest" time="0.011"/>
  <testcase name="testSelectionSort_10Elements_SortedCorrectly()" classname="com.example.project.SortTest" time="0.007"/>
  <system-out><![CDATA[src/main/java/com/example/project/Selection_Sort/words.txt (No such file or directory)
]]></system-out>
  <system-err><![CDATA[]]></system-err>
</testsuite>
